<?xml version="1.0" encoding="UTF-8"?>
<testsuite name="io.sqp.core.types.SqpValueTest" tests="1" skipped="0" failures="0" errors="0" timestamp="2015-09-23T16:39:08" hostname="ub-stefan" time="0.001">
  <properties/>
  <testcase name="allTypesHaveFactoryMethods" classname="io.sqp.core.types.SqpValueTest" time="0.001"/>
  <system-out><![CDATA[]]></system-out>
  <system-err><![CDATA[]]></system-err>
</testsuite>
