<?xml version="1.0" encoding="UTF-8"?>
<testsuite name="io.sqp.client.ConnectTest" tests="12" skipped="0" failures="0" errors="0" timestamp="2015-09-23T16:39:13" hostname="ub-stefan" time="31.964">
  <properties/>
  <testcase name="CanConnectAndAutoClose" classname="io.sqp.client.ConnectTest" time="0.068"/>
  <testcase name="CanConnectAndClose" classname="io.sqp.client.ConnectTest" time="0.057"/>
  <testcase name="ConnectWithWrongDatabaseFails" classname="io.sqp.client.ConnectTest" time="0.048"/>
  <testcase name="ConnectWithWrongParametersFails" classname="io.sqp.client.ConnectTest" time="0.028"/>
  <testcase name="CanConnectAndAutoClose" classname="io.sqp.client.ConnectTest" time="0.039"/>
  <testcase name="CanConnectAndClose" classname="io.sqp.client.ConnectTest" time="0.047"/>
  <testcase name="ConnectWithWrongDatabaseFails" classname="io.sqp.client.ConnectTest" time="0.059"/>
  <testcase name="ConnectWithWrongParametersFails" classname="io.sqp.client.ConnectTest" time="0.013"/>
  <testcase name="CanConnectAndAutoClose" classname="io.sqp.client.ConnectTest" time="0.025"/>
  <testcase name="CanConnectAndClose" classname="io.sqp.client.ConnectTest" time="0.026"/>
  <testcase name="ConnectWithWrongDatabaseFails" classname="io.sqp.client.ConnectTest" time="0.025"/>
  <testcase name="ConnectWithWrongParametersFails" classname="io.sqp.client.ConnectTest" time="0.006"/>
  <system-out><![CDATA[]]></system-out>
  <system-err><![CDATA[Sep 23, 2015 6:39:13 PM io.sqp.client.impl.SqpConnectionImpl connect
INFO: Attempting to connect to 'ws://localhost:8080/'
Sep 23, 2015 6:39:13 PM io.sqp.proxy.ClientSession onClientClose
INFO: Client disconnected.
Sep 23, 2015 6:39:13 PM io.sqp.proxy.BackendConnectionPool closeConnection
INFO: Closed BackendConnection: io.sqp.postgresql.PGConnection@24c24da3 with ID: 34
Sep 23, 2015 6:39:13 PM io.sqp.proxy.vertx.VertxClientConnection <init>
INFO: New client connected via websocket.
Sep 23, 2015 6:39:13 PM io.sqp.client.impl.SqpConnectionImpl onOpen
INFO: Established connection.
Sep 23, 2015 6:39:13 PM io.sqp.proxy.ClientSession handleBackendConnected
INFO: Connection to database backend was successful.
Sep 23, 2015 6:39:13 PM io.sqp.client.impl.SqpConnectionImpl close
INFO: Closing connection.
Sep 23, 2015 6:39:13 PM io.sqp.client.impl.SqpConnectionImpl connect
INFO: Attempting to connect to 'ws://localhost:8080/'
Sep 23, 2015 6:39:13 PM io.sqp.proxy.ClientSession onClientClose
INFO: Client disconnected.
Sep 23, 2015 6:39:13 PM io.sqp.proxy.BackendConnectionPool closeConnection
INFO: Closed BackendConnection: io.sqp.postgresql.PGConnection@53026611 with ID: 35
Sep 23, 2015 6:39:13 PM io.sqp.proxy.vertx.VertxClientConnection <init>
INFO: New client connected via websocket.
Sep 23, 2015 6:39:13 PM io.sqp.client.impl.SqpConnectionImpl onOpen
INFO: Established connection.
Sep 23, 2015 6:39:13 PM io.sqp.proxy.ClientSession handleBackendConnected
INFO: Connection to database backend was successful.
Sep 23, 2015 6:39:13 PM io.sqp.client.impl.SqpConnectionImpl close
INFO: Closing connection.
Sep 23, 2015 6:39:13 PM io.sqp.proxy.ClientSession onClientClose
INFO: Client disconnected.
Sep 23, 2015 6:39:13 PM io.sqp.proxy.BackendConnectionPool closeConnection
INFO: Closed BackendConnection: io.sqp.postgresql.PGConnection@50ab92ff with ID: 36
Sep 23, 2015 6:39:13 PM io.sqp.client.impl.SqpConnectionImpl connect
INFO: Attempting to connect to 'ws://localhost:8080/'
Sep 23, 2015 6:39:13 PM io.sqp.proxy.vertx.VertxClientConnection <init>
INFO: New client connected via websocket.
Sep 23, 2015 6:39:13 PM io.sqp.client.impl.SqpConnectionImpl onOpen
INFO: Established connection.
Sep 23, 2015 6:39:13 PM io.sqp.proxy.ClientSession handleError
INFO: Handling an DatabaseConnectionFailed error: Failed to connect to PostgreSQL database: FATAL: database "fooDB" does not exist
Sep 23, 2015 6:39:13 PM io.sqp.proxy.ClientSession handleError
INFO: Aborting: Closing connection to client
Sep 23, 2015 6:39:13 PM io.sqp.proxy.ClientSession onClientClose
INFO: Client disconnected.
Sep 23, 2015 6:39:13 PM io.sqp.proxy.BackendConnectionPool closeConnection
INFO: Closed BackendConnection: io.sqp.postgresql.PGConnection@9db91f2 with ID: 37
Sep 23, 2015 6:39:13 PM io.sqp.client.impl.SqpConnectionImpl handleError
INFO: Handling Error: Failed to connect to PostgreSQL database: FATAL: database "fooDB" does not exist
io.sqp.client.exceptions.ErrorResponseException: Failed to connect to PostgreSQL database: FATAL: database "fooDB" does not exist
	at io.sqp.client.impl.MessageHandler.handleSqpMessage(MessageHandler.java:137)
	at io.sqp.client.impl.MessageHandler.receiveBinMessage(MessageHandler.java:111)
	at io.sqp.client.impl.MessageHandler$$Lambda$94/345230224.onMessage(Unknown Source)
	at org.glassfish.tyrus.core.TyrusSession.notifyMessageHandlers(TyrusSession.java:576)
	at org.glassfish.tyrus.core.TyrusEndpointWrapper.onMessage(TyrusEndpointWrapper.java:816)
	at org.glassfish.tyrus.core.TyrusWebSocket.onMessage(TyrusWebSocket.java:199)
	at org.glassfish.tyrus.core.frame.BinaryFrame.respond(BinaryFrame.java:94)
	at org.glassfish.tyrus.core.ProtocolHandler.process(ProtocolHandler.java:807)
	at org.glassfish.tyrus.client.TyrusClientEngine$TyrusReadHandler.handle(TyrusClientEngine.java:747)
	at org.glassfish.tyrus.container.grizzly.client.GrizzlyClientFilter$ProcessTask.execute(GrizzlyClientFilter.java:476)
	at org.glassfish.tyrus.container.grizzly.client.TaskProcessor.processTask(TaskProcessor.java:114)
	at org.glassfish.tyrus.container.grizzly.client.TaskProcessor.processTask(TaskProcessor.java:91)
	at org.glassfish.tyrus.container.grizzly.client.GrizzlyClientFilter.handleRead(GrizzlyClientFilter.java:272)
	at org.glassfish.grizzly.filterchain.ExecutorResolver$9.execute(ExecutorResolver.java:119)
	at org.glassfish.grizzly.filterchain.DefaultFilterChain.executeFilter(DefaultFilterChain.java:284)
	at org.glassfish.grizzly.filterchain.DefaultFilterChain.executeChainPart(DefaultFilterChain.java:201)
	at org.glassfish.grizzly.filterchain.DefaultFilterChain.execute(DefaultFilterChain.java:133)
	at org.glassfish.grizzly.filterchain.DefaultFilterChain.process(DefaultFilterChain.java:112)
	at org.glassfish.grizzly.ProcessorExecutor.execute(ProcessorExecutor.java:77)
	at org.glassfish.grizzly.nio.transport.TCPNIOTransport.fireIOEvent(TCPNIOTransport.java:561)
	at org.glassfish.grizzly.strategies.AbstractIOStrategy.fireIOEvent(AbstractIOStrategy.java:112)
	at org.glassfish.grizzly.strategies.WorkerThreadIOStrategy.run0(WorkerThreadIOStrategy.java:117)
	at org.glassfish.grizzly.strategies.WorkerThreadIOStrategy.access$100(WorkerThreadIOStrategy.java:56)
	at org.glassfish.grizzly.strategies.WorkerThreadIOStrategy$WorkerThreadRunnable.run(WorkerThreadIOStrategy.java:137)
	at org.glassfish.grizzly.threadpool.AbstractThreadPool$Worker.doWork(AbstractThreadPool.java:565)
	at org.glassfish.grizzly.threadpool.AbstractThreadPool$Worker.run(AbstractThreadPool.java:545)
	at java.lang.Thread.run(Thread.java:745)

Sep 23, 2015 6:39:13 PM io.sqp.client.impl.SqpConnectionImpl close
INFO: Closing connection.
Sep 23, 2015 6:39:13 PM io.sqp.client.impl.SqpConnectionImpl connect
INFO: Attempting to connect to 'ws://localhost:8080/foo'
Sep 23, 2015 6:39:16 PM io.sqp.client.impl.SqpConnectionImpl connect
INFO: Attempting to connect to 'ws://localhost:8080/'
Sep 23, 2015 6:39:16 PM io.sqp.proxy.ClientSession onClientClose
INFO: Client disconnected.
Sep 23, 2015 6:39:16 PM io.sqp.backend.jdbc.JdbcConnection close
INFO: Closing open result set 'Cursor6'
Sep 23, 2015 6:39:16 PM io.sqp.backend.jdbc.JdbcConnection close
INFO: Closing open result set 'Cursor7'
Sep 23, 2015 6:39:16 PM io.sqp.proxy.BackendConnectionPool closeConnection
INFO: Closed BackendConnection: io.sqp.backend.jdbc.JdbcConnection@47772676 with ID: 25
Sep 23, 2015 6:39:16 PM io.sqp.client.impl.SqpConnectionImpl handleError
INFO: Handling Error: Socket is not connected.
io.sqp.core.exceptions.SqpException: Socket is not connected.
	at io.sqp.client.impl.FailHandler.apply(FailHandler.java:45)
	at io.sqp.client.impl.FailHandler.apply(FailHandler.java:32)
	at java.util.concurrent.CompletableFuture.uniExceptionally(CompletableFuture.java:870)
	at java.util.concurrent.CompletableFuture$UniExceptionally.tryFire(CompletableFuture.java:852)
	at java.util.concurrent.CompletableFuture.postComplete(CompletableFuture.java:474)
	at java.util.concurrent.CompletableFuture$AsyncRun.run(CompletableFuture.java:1624)
	at java.util.concurrent.ThreadPoolExecutor.runWorker(ThreadPoolExecutor.java:1142)
	at java.util.concurrent.ThreadPoolExecutor$Worker.run(ThreadPoolExecutor.java:617)
	at java.lang.Thread.run(Thread.java:745)
Caused by: java.lang.RuntimeException: Socket is not connected.
	at org.glassfish.tyrus.core.TyrusWebSocket.checkConnectedState(TyrusWebSocket.java:430)
	at org.glassfish.tyrus.core.TyrusWebSocket.sendText(TyrusWebSocket.java:376)
	at org.glassfish.tyrus.core.WriterToAsyncTextAdapter.sendBuffer(WriterToAsyncTextAdapter.java:59)
	at org.glassfish.tyrus.core.WriterToAsyncTextAdapter.write(WriterToAsyncTextAdapter.java:65)
	at com.fasterxml.jackson.core.json.WriterBasedJsonGenerator._flushBuffer(WriterBasedJsonGenerator.java:1880)
	at com.fasterxml.jackson.core.json.WriterBasedJsonGenerator.close(WriterBasedJsonGenerator.java:865)
	at com.fasterxml.jackson.databind.ObjectMapper._configAndWriteValue(ObjectMapper.java:3387)
	at com.fasterxml.jackson.databind.ObjectMapper.writeValue(ObjectMapper.java:2761)
	at io.sqp.core.jackson.JacksonMessageEncoder.encode(JacksonMessageEncoder.java:72)
	at io.sqp.client.impl.SqpConnectionImpl.lambda$send$3(SqpConnectionImpl.java:322)
	at io.sqp.client.impl.SqpConnectionImpl$$Lambda$96/930821059.run(Unknown Source)
	at java.util.concurrent.CompletableFuture$AsyncRun.run(CompletableFuture.java:1618)
	... 3 more

Sep 23, 2015 6:39:16 PM io.sqp.proxy.vertx.VertxClientConnection <init>
INFO: New client connected via websocket.
Sep 23, 2015 6:39:16 PM io.sqp.client.impl.SqpConnectionImpl onOpen
INFO: Established connection.
Sep 23, 2015 6:39:16 PM io.sqp.proxy.ClientSession handleBackendConnected
INFO: Connection to database backend was successful.
Sep 23, 2015 6:39:16 PM io.sqp.client.impl.SqpConnectionImpl close
INFO: Closing connection.
Sep 23, 2015 6:39:16 PM io.sqp.client.impl.SqpConnectionImpl connect
INFO: Attempting to connect to 'ws://localhost:8080/'
Sep 23, 2015 6:39:16 PM io.sqp.proxy.ClientSession onClientClose
INFO: Client disconnected.
Sep 23, 2015 6:39:16 PM io.sqp.proxy.BackendConnectionPool closeConnection
INFO: Closed BackendConnection: io.sqp.backend.jdbc.JdbcConnection@36a7ea10 with ID: 26
Sep 23, 2015 6:39:16 PM io.sqp.proxy.vertx.VertxClientConnection <init>
INFO: New client connected via websocket.
Sep 23, 2015 6:39:16 PM io.sqp.client.impl.SqpConnectionImpl onOpen
INFO: Established connection.
Sep 23, 2015 6:39:16 PM io.sqp.proxy.ClientSession handleBackendConnected
INFO: Connection to database backend was successful.
Sep 23, 2015 6:39:16 PM io.sqp.client.impl.SqpConnectionImpl close
INFO: Closing connection.
Sep 23, 2015 6:39:16 PM io.sqp.client.impl.SqpConnectionImpl onClose
INFO: Connection closed by server.
Sep 23, 2015 6:39:16 PM io.sqp.client.impl.SqpConnectionImpl connect
INFO: Attempting to connect to 'ws://localhost:8080/'
Sep 23, 2015 6:39:16 PM io.sqp.proxy.vertx.VertxClientConnection <init>
INFO: New client connected via websocket.
Sep 23, 2015 6:39:16 PM io.sqp.client.impl.SqpConnectionImpl onOpen
INFO: Established connection.
Sep 23, 2015 6:39:16 PM io.sqp.proxy.ClientSession handleError
INFO: Handling an DatabaseConnectionFailed error: Could not connect to the database: FATAL: database "fooDB" does not exist
Sep 23, 2015 6:39:16 PM io.sqp.proxy.ClientSession handleError
INFO: Aborting: Closing connection to client
Sep 23, 2015 6:39:16 PM io.sqp.proxy.ClientSession onClientClose
INFO: Client disconnected.
Sep 23, 2015 6:39:16 PM io.sqp.proxy.BackendConnectionPool closeConnection
INFO: Closed BackendConnection: io.sqp.backend.jdbc.JdbcConnection@d136e77 with ID: 28
Sep 23, 2015 6:39:16 PM io.sqp.client.impl.SqpConnectionImpl handleError
INFO: Handling Error: Could not connect to the database: FATAL: database "fooDB" does not exist
io.sqp.client.exceptions.ErrorResponseException: Could not connect to the database: FATAL: database "fooDB" does not exist
	at io.sqp.client.impl.MessageHandler.handleSqpMessage(MessageHandler.java:137)
	at io.sqp.client.impl.MessageHandler.receiveBinMessage(MessageHandler.java:111)
	at io.sqp.client.impl.MessageHandler$$Lambda$94/345230224.onMessage(Unknown Source)
	at org.glassfish.tyrus.core.TyrusSession.notifyMessageHandlers(TyrusSession.java:576)
	at org.glassfish.tyrus.core.TyrusEndpointWrapper.onMessage(TyrusEndpointWrapper.java:816)
	at org.glassfish.tyrus.core.TyrusWebSocket.onMessage(TyrusWebSocket.java:199)
	at org.glassfish.tyrus.core.frame.BinaryFrame.respond(BinaryFrame.java:94)
	at org.glassfish.tyrus.core.ProtocolHandler.process(ProtocolHandler.java:807)
	at org.glassfish.tyrus.client.TyrusClientEngine$TyrusReadHandler.handle(TyrusClientEngine.java:747)
	at org.glassfish.tyrus.container.grizzly.client.GrizzlyClientFilter$ProcessTask.execute(GrizzlyClientFilter.java:476)
	at org.glassfish.tyrus.container.grizzly.client.TaskProcessor.processTask(TaskProcessor.java:114)
	at org.glassfish.tyrus.container.grizzly.client.TaskProcessor.processTask(TaskProcessor.java:91)
	at org.glassfish.tyrus.container.grizzly.client.GrizzlyClientFilter.handleRead(GrizzlyClientFilter.java:272)
	at org.glassfish.grizzly.filterchain.ExecutorResolver$9.execute(ExecutorResolver.java:119)
	at org.glassfish.grizzly.filterchain.DefaultFilterChain.executeFilter(DefaultFilterChain.java:284)
	at org.glassfish.grizzly.filterchain.DefaultFilterChain.executeChainPart(DefaultFilterChain.java:201)
	at org.glassfish.grizzly.filterchain.DefaultFilterChain.execute(DefaultFilterChain.java:133)
	at org.glassfish.grizzly.filterchain.DefaultFilterChain.process(DefaultFilterChain.java:112)
	at org.glassfish.grizzly.ProcessorExecutor.execute(ProcessorExecutor.java:77)
	at org.glassfish.grizzly.nio.transport.TCPNIOTransport.fireIOEvent(TCPNIOTransport.java:561)
	at org.glassfish.grizzly.strategies.AbstractIOStrategy.fireIOEvent(AbstractIOStrategy.java:112)
	at org.glassfish.grizzly.strategies.WorkerThreadIOStrategy.run0(WorkerThreadIOStrategy.java:117)
	at org.glassfish.grizzly.strategies.WorkerThreadIOStrategy.access$100(WorkerThreadIOStrategy.java:56)
	at org.glassfish.grizzly.strategies.WorkerThreadIOStrategy$WorkerThreadRunnable.run(WorkerThreadIOStrategy.java:137)
	at org.glassfish.grizzly.threadpool.AbstractThreadPool$Worker.doWork(AbstractThreadPool.java:565)
	at org.glassfish.grizzly.threadpool.AbstractThreadPool$Worker.run(AbstractThreadPool.java:545)
	at java.lang.Thread.run(Thread.java:745)

Sep 23, 2015 6:39:16 PM io.sqp.client.impl.SqpConnectionImpl close
INFO: Closing connection.
Sep 23, 2015 6:39:16 PM io.sqp.client.impl.SqpConnectionImpl connect
INFO: Attempting to connect to 'ws://localhost:8080/foo'
Sep 23, 2015 6:39:45 PM io.sqp.client.impl.SqpConnectionImpl connect
INFO: Attempting to connect to 'ws://localhost:8080/'
Sep 23, 2015 6:39:45 PM io.sqp.proxy.ClientSession onClientClose
INFO: Client disconnected.
Sep 23, 2015 6:39:45 PM io.sqp.transbase.Connection close
INFO: Auto-closing open statements  and cursors Cursor7
Sep 23, 2015 6:39:45 PM io.sqp.proxy.BackendConnectionPool closeConnection
INFO: Closed BackendConnection: io.sqp.transbase.Connection@2d2d5b96 with ID: 37
Sep 23, 2015 6:39:45 PM io.vertx.core.impl.ContextImpl
SEVERE: Unhandled exception
java.lang.IllegalStateException: WebSocket is closed
	at io.vertx.core.http.impl.WebSocketImplBase.checkClosed(WebSocketImplBase.java:151)
	at io.vertx.core.http.impl.ServerWebSocketImpl.writeQueueFull(ServerWebSocketImpl.java:172)
	at io.sqp.proxy.vertx.WebsocketWriteStream.writeQueueFull(WebsocketWriteStream.java:83)
	at io.vertx.core.streams.impl.PumpImpl.lambda$new$222(PumpImpl.java:66)
	at io.vertx.core.streams.impl.PumpImpl$$Lambda$89/303993514.handle(Unknown Source)
	at io.sqp.proxy.vertx.AsyncInputStream.lambda$null$57(AsyncInputStream.java:214)
	at io.sqp.proxy.vertx.AsyncInputStream$$Lambda$101/1797366321.handle(Unknown Source)
	at io.vertx.core.impl.ContextImpl.lambda$wrapTask$15(ContextImpl.java:314)
	at io.vertx.core.impl.ContextImpl$$Lambda$62/834089310.run(Unknown Source)
	at io.netty.util.concurrent.SingleThreadEventExecutor.runAllTasks(SingleThreadEventExecutor.java:357)
	at io.netty.channel.nio.NioEventLoop.run(NioEventLoop.java:357)
	at io.netty.util.concurrent.SingleThreadEventExecutor$2.run(SingleThreadEventExecutor.java:111)
	at java.lang.Thread.run(Thread.java:745)

Sep 23, 2015 6:39:45 PM io.sqp.proxy.vertx.VertxClientConnection <init>
INFO: New client connected via websocket.
Sep 23, 2015 6:39:45 PM io.sqp.client.impl.SqpConnectionImpl onOpen
INFO: Established connection.
Sep 23, 2015 6:39:45 PM io.sqp.proxy.ClientSession handleBackendConnected
INFO: Connection to database backend was successful.
Sep 23, 2015 6:39:45 PM io.sqp.client.impl.SqpConnectionImpl close
INFO: Closing connection.
Sep 23, 2015 6:39:45 PM io.sqp.proxy.ClientSession onClientClose
INFO: Client disconnected.
Sep 23, 2015 6:39:45 PM io.sqp.proxy.BackendConnectionPool closeConnection
INFO: Closed BackendConnection: io.sqp.transbase.Connection@31131f38 with ID: 38
Sep 23, 2015 6:39:45 PM io.sqp.client.impl.SqpConnectionImpl connect
INFO: Attempting to connect to 'ws://localhost:8080/'
Sep 23, 2015 6:39:45 PM io.sqp.proxy.vertx.VertxClientConnection <init>
INFO: New client connected via websocket.
Sep 23, 2015 6:39:45 PM io.sqp.client.impl.SqpConnectionImpl onOpen
INFO: Established connection.
Sep 23, 2015 6:39:45 PM io.sqp.proxy.ClientSession handleBackendConnected
INFO: Connection to database backend was successful.
Sep 23, 2015 6:39:45 PM io.sqp.client.impl.SqpConnectionImpl close
INFO: Closing connection.
Sep 23, 2015 6:39:45 PM io.sqp.proxy.BackendConnectionPool closeConnection
INFO: Closed BackendConnection: io.sqp.transbase.Connection@b06e66c with ID: 39
Sep 23, 2015 6:39:45 PM io.sqp.client.impl.SqpConnectionImpl connect
INFO: Attempting to connect to 'ws://localhost:8080/'
Sep 23, 2015 6:39:45 PM io.sqp.proxy.vertx.VertxClientConnection <init>
INFO: New client connected via websocket.
Sep 23, 2015 6:39:45 PM io.sqp.client.impl.SqpConnectionImpl onOpen
INFO: Established connection.
Sep 23, 2015 6:39:45 PM io.sqp.proxy.ClientSession handleError
INFO: Handling an DatabaseConnectionFailed error: Failed to connect or login:
Transbase JDBC/JDBCX Driver
Sgp Version 4.1
Build 20150922(500)
Transbase Server Error <11035>:
database <fooDB@localhost> does not exist
Sep 23, 2015 6:39:45 PM io.sqp.proxy.ClientSession handleError
INFO: Aborting: Closing connection to client
Sep 23, 2015 6:39:45 PM io.sqp.proxy.ClientSession onClientClose
INFO: Client disconnected.
Sep 23, 2015 6:39:45 PM io.sqp.proxy.BackendConnectionPool closeConnection
INFO: Closed BackendConnection: io.sqp.transbase.Connection@4f6669c7 with ID: 40
Sep 23, 2015 6:39:45 PM io.sqp.client.impl.SqpConnectionImpl handleError
INFO: Handling Error: Failed to connect or login:
Transbase JDBC/JDBCX Driver
Sgp Version 4.1
Build 20150922(500)
Transbase Server Error <11035>:
database <fooDB@localhost> does not exist
io.sqp.client.exceptions.ErrorResponseException: Failed to connect or login:
Transbase JDBC/JDBCX Driver
Sgp Version 4.1
Build 20150922(500)
Transbase Server Error <11035>:
database <fooDB@localhost> does not exist
	at io.sqp.client.impl.MessageHandler.handleSqpMessage(MessageHandler.java:137)
	at io.sqp.client.impl.MessageHandler.receiveBinMessage(MessageHandler.java:111)
	at io.sqp.client.impl.MessageHandler$$Lambda$94/345230224.onMessage(Unknown Source)
	at org.glassfish.tyrus.core.TyrusSession.notifyMessageHandlers(TyrusSession.java:576)
	at org.glassfish.tyrus.core.TyrusEndpointWrapper.onMessage(TyrusEndpointWrapper.java:816)
	at org.glassfish.tyrus.core.TyrusWebSocket.onMessage(TyrusWebSocket.java:199)
	at org.glassfish.tyrus.core.frame.BinaryFrame.respond(BinaryFrame.java:94)
	at org.glassfish.tyrus.core.ProtocolHandler.process(ProtocolHandler.java:807)
	at org.glassfish.tyrus.client.TyrusClientEngine$TyrusReadHandler.handle(TyrusClientEngine.java:747)
	at org.glassfish.tyrus.container.grizzly.client.GrizzlyClientFilter$ProcessTask.execute(GrizzlyClientFilter.java:476)
	at org.glassfish.tyrus.container.grizzly.client.TaskProcessor.processTask(TaskProcessor.java:114)
	at org.glassfish.tyrus.container.grizzly.client.TaskProcessor.processTask(TaskProcessor.java:91)
	at org.glassfish.tyrus.container.grizzly.client.GrizzlyClientFilter.handleRead(GrizzlyClientFilter.java:272)
	at org.glassfish.grizzly.filterchain.ExecutorResolver$9.execute(ExecutorResolver.java:119)
	at org.glassfish.grizzly.filterchain.DefaultFilterChain.executeFilter(DefaultFilterChain.java:284)
	at org.glassfish.grizzly.filterchain.DefaultFilterChain.executeChainPart(DefaultFilterChain.java:201)
	at org.glassfish.grizzly.filterchain.DefaultFilterChain.execute(DefaultFilterChain.java:133)
	at org.glassfish.grizzly.filterchain.DefaultFilterChain.process(DefaultFilterChain.java:112)
	at org.glassfish.grizzly.ProcessorExecutor.execute(ProcessorExecutor.java:77)
	at org.glassfish.grizzly.nio.transport.TCPNIOTransport.fireIOEvent(TCPNIOTransport.java:561)
	at org.glassfish.grizzly.strategies.AbstractIOStrategy.fireIOEvent(AbstractIOStrategy.java:112)
	at org.glassfish.grizzly.strategies.WorkerThreadIOStrategy.run0(WorkerThreadIOStrategy.java:117)
	at org.glassfish.grizzly.strategies.WorkerThreadIOStrategy.access$100(WorkerThreadIOStrategy.java:56)
	at org.glassfish.grizzly.strategies.WorkerThreadIOStrategy$WorkerThreadRunnable.run(WorkerThreadIOStrategy.java:137)
	at org.glassfish.grizzly.threadpool.AbstractThreadPool$Worker.doWork(AbstractThreadPool.java:565)
	at org.glassfish.grizzly.threadpool.AbstractThreadPool$Worker.run(AbstractThreadPool.java:545)
	at java.lang.Thread.run(Thread.java:745)

Sep 23, 2015 6:39:45 PM io.sqp.client.impl.SqpConnectionImpl close
INFO: Closing connection.
Sep 23, 2015 6:39:45 PM io.sqp.client.impl.SqpConnectionImpl connect
INFO: Attempting to connect to 'ws://localhost:8080/foo'
]]></system-err>
</testsuite>
