<?xml version="1.0" encoding="UTF-8"?>
<testsuite name="io.sqp.transbase.ConnectionTest" tests="1" skipped="0" failures="0" errors="0" timestamp="2015-09-23T16:39:17" hostname="ub-stefan" time="0.134">
  <properties/>
  <testcase name="CanConnectToDatabase" classname="io.sqp.transbase.ConnectionTest" time="0.134"/>
  <system-out><![CDATA[]]></system-out>
  <system-err><![CDATA[]]></system-err>
</testsuite>
