<?xml version="1.0" encoding="UTF-8"?>
<testsuite name="io.sqp.postgresql.PGConnectionTest" tests="3" skipped="0" failures="0" errors="0" timestamp="2015-09-23T16:39:09" hostname="ub-stefan" time="0.142">
  <properties/>
  <testcase name="CanConnectToDatabase" classname="io.sqp.postgresql.PGConnectionTest" time="0.114"/>
  <testcase name="ConnectWithWrongDatabaseNameThrows" classname="io.sqp.postgresql.PGConnectionTest" time="0.013"/>
  <testcase name="ConnectWithWrongPortThrows" classname="io.sqp.postgresql.PGConnectionTest" time="0.008"/>
  <system-out><![CDATA[]]></system-out>
  <system-err><![CDATA[]]></system-err>
</testsuite>
