<?xml version="1.0" encoding="UTF-8"?>
<testsuite name="io.sqp.schemamatcher.SchemaMatcherTest" tests="1" skipped="0" failures="0" errors="0" timestamp="2015-09-23T16:39:09" hostname="ub-stefan" time="0.0">
  <properties/>
  <testcase name="SimpleMappingWorks" classname="io.sqp.schemamatcher.SchemaMatcherTest" time="0.0"/>
  <system-out><![CDATA[]]></system-out>
  <system-err><![CDATA[]]></system-err>
</testsuite>
