<?xml version="1.0" encoding="UTF-8"?>
<testsuite name="io.sqp.core.types.SqpDateTest" tests="2" skipped="0" failures="0" errors="0" timestamp="2015-09-23T16:39:08" hostname="ub-stefan" time="0.049">
  <properties/>
  <testcase name="CanDecodeFromJson[0]([B@470b9b16, Text)" classname="io.sqp.core.types.SqpDateTest" time="0.01"/>
  <testcase name="CanDecodeFromJson[1]([B@39451f21, Binary)" classname="io.sqp.core.types.SqpDateTest" time="0.038"/>
  <system-out><![CDATA[]]></system-out>
  <system-err><![CDATA[]]></system-err>
</testsuite>
