<?xml version="1.0" encoding="UTF-8"?>
<testsuite name="io.sqp.proxy.vertx.WebsocketSendQueueStreamTest" tests="1" skipped="0" failures="0" errors="0" timestamp="2015-09-23T16:39:09" hostname="ub-stefan" time="0.011">
  <properties/>
  <testcase name="canSendTwoConsecutiveStreams" classname="io.sqp.proxy.vertx.WebsocketSendQueueStreamTest" time="0.011"/>
  <system-out><![CDATA[]]></system-out>
  <system-err><![CDATA[]]></system-err>
</testsuite>
