<?xml version="1.0" encoding="UTF-8"?>
<testsuite name="io.sqp.core.util.TypeUtilTest" tests="2" skipped="0" failures="0" errors="0" timestamp="2015-09-23T16:39:08" hostname="ub-stefan" time="0.018">
  <properties/>
  <testcase name="numberConversionCanAutobox" classname="io.sqp.core.util.TypeUtilTest" time="0.015"/>
  <testcase name="numberConversionDoesRangeCheck" classname="io.sqp.core.util.TypeUtilTest" time="0.002"/>
  <system-out><![CDATA[]]></system-out>
  <system-err><![CDATA[]]></system-err>
</testsuite>
