<?xml version="1.0" encoding="UTF-8"?>
<testsuite name="io.sqp.proxy.WebsocketWriteStreamTest" tests="7" skipped="0" failures="0" errors="0" timestamp="2015-09-23T16:39:09" hostname="ub-stefan" time="0.053">
  <properties/>
  <testcase name="closeUnusedStreamDoesntSend" classname="io.sqp.proxy.WebsocketWriteStreamTest" time="0.02"/>
  <testcase name="streamAutoFlushesFrames" classname="io.sqp.proxy.WebsocketWriteStreamTest" time="0.014"/>
  <testcase name="writeMultipleBytesAndClose" classname="io.sqp.proxy.WebsocketWriteStreamTest" time="0.001"/>
  <testcase name="writeOneByteAndClose" classname="io.sqp.proxy.WebsocketWriteStreamTest" time="0.001"/>
  <testcase name="writeOneByteWithoutFinishedDoesntSend" classname="io.sqp.proxy.WebsocketWriteStreamTest" time="0.0"/>
  <testcase name="writeTwoDifferentMessages" classname="io.sqp.proxy.WebsocketWriteStreamTest" time="0.009"/>
  <testcase name="writeUnicodeFrameAndClose" classname="io.sqp.proxy.WebsocketWriteStreamTest" time="0.001"/>
  <system-out><![CDATA[]]></system-out>
  <system-err><![CDATA[]]></system-err>
</testsuite>
