<?xml version="1.0" encoding="UTF-8"?>
<testsuite name="io.sqp.core.TryOutTests" tests="3" skipped="0" failures="0" errors="0" timestamp="2015-09-23T16:39:08" hostname="ub-stefan" time="0.008">
  <properties/>
  <testcase name="decodeLongFromList" classname="io.sqp.core.TryOutTests" time="0.001"/>
  <testcase name="encodeLongAsList" classname="io.sqp.core.TryOutTests" time="0.005"/>
  <testcase name="longValueInBigDecimalToIntByNumberConversionThrows" classname="io.sqp.core.TryOutTests" time="0.0"/>
  <system-out><![CDATA[]]></system-out>
  <system-err><![CDATA[]]></system-err>
</testsuite>
