<?xml version="1.0" encoding="UTF-8"?>
<testsuite name="io.sqp.client.TransactionTest" tests="24" skipped="0" failures="0" errors="0" timestamp="2015-09-23T16:39:11" hostname="ub-stefan" time="31.887">
  <properties/>
  <testcase name="EnablingAutoCommitAgainCommitsTransaction" classname="io.sqp.client.TransactionTest" time="0.049"/>
  <testcase name="FailingOperationAndCommitResultsInRollback" classname="io.sqp.client.TransactionTest" time="0.053"/>
  <testcase name="InsertWithCommitAffectsTable" classname="io.sqp.client.TransactionTest" time="0.033"/>
  <testcase name="InsertWithCommitAndRollbackAffectsTablePartially" classname="io.sqp.client.TransactionTest" time="0.023"/>
  <testcase name="InsertWithRollbackDoesNotAffectTable" classname="io.sqp.client.TransactionTest" time="0.018"/>
  <testcase name="TurningOffAutocommitSucceeds" classname="io.sqp.client.TransactionTest" time="0.002"/>
  <testcase name="UsingCommitWithAutocommitFails" classname="io.sqp.client.TransactionTest" time="0.001"/>
  <testcase name="UsingRollbackWithAutocommitFails" classname="io.sqp.client.TransactionTest" time="0.001"/>
  <testcase name="EnablingAutoCommitAgainCommitsTransaction" classname="io.sqp.client.TransactionTest" time="0.052"/>
  <testcase name="FailingOperationAndCommitResultsInRollback" classname="io.sqp.client.TransactionTest" time="0.059"/>
  <testcase name="InsertWithCommitAffectsTable" classname="io.sqp.client.TransactionTest" time="0.032"/>
  <testcase name="InsertWithCommitAndRollbackAffectsTablePartially" classname="io.sqp.client.TransactionTest" time="0.037"/>
  <testcase name="InsertWithRollbackDoesNotAffectTable" classname="io.sqp.client.TransactionTest" time="0.041"/>
  <testcase name="TurningOffAutocommitSucceeds" classname="io.sqp.client.TransactionTest" time="0.004"/>
  <testcase name="UsingCommitWithAutocommitFails" classname="io.sqp.client.TransactionTest" time="0.0"/>
  <testcase name="UsingRollbackWithAutocommitFails" classname="io.sqp.client.TransactionTest" time="0.0"/>
  <testcase name="EnablingAutoCommitAgainCommitsTransaction" classname="io.sqp.client.TransactionTest" time="0.031"/>
  <testcase name="FailingOperationAndCommitResultsInRollback" classname="io.sqp.client.TransactionTest" time="0.027"/>
  <testcase name="InsertWithCommitAffectsTable" classname="io.sqp.client.TransactionTest" time="0.026"/>
  <testcase name="InsertWithCommitAndRollbackAffectsTablePartially" classname="io.sqp.client.TransactionTest" time="0.031"/>
  <testcase name="InsertWithRollbackDoesNotAffectTable" classname="io.sqp.client.TransactionTest" time="0.015"/>
  <testcase name="TurningOffAutocommitSucceeds" classname="io.sqp.client.TransactionTest" time="0.001"/>
  <testcase name="UsingCommitWithAutocommitFails" classname="io.sqp.client.TransactionTest" time="0.0"/>
  <testcase name="UsingRollbackWithAutocommitFails" classname="io.sqp.client.TransactionTest" time="0.0"/>
  <system-out><![CDATA[]]></system-out>
  <system-err><![CDATA[Sep 23, 2015 6:39:11 PM io.sqp.proxy.ClientSession handleError
INFO: Handling an ExecutionFailed error: Execution failed: ERROR: syntax error at end of input
  Position: 112
Sep 23, 2015 6:39:11 PM io.sqp.proxy.ClientSession handleError
INFO: Handling an ExecutionFailed error: Execution failed: ERROR: syntax error at or near ")"
  Position: 72
Sep 23, 2015 6:39:11 PM io.sqp.client.impl.SqpConnectionImpl handleError
INFO: Handling Error: Execution failed: ERROR: syntax error at end of input
  Position: 112
io.sqp.client.exceptions.ErrorResponseException: Execution failed: ERROR: syntax error at end of input
  Position: 112
	at io.sqp.client.impl.MessageHandler.handleSqpMessage(MessageHandler.java:137)
	at io.sqp.client.impl.MessageHandler.receiveStrMessage(MessageHandler.java:94)
	at io.sqp.client.impl.MessageHandler$$Lambda$93/1280361408.onMessage(Unknown Source)
	at org.glassfish.tyrus.core.TyrusSession.notifyMessageHandlers(TyrusSession.java:576)
	at org.glassfish.tyrus.core.TyrusEndpointWrapper.onMessage(TyrusEndpointWrapper.java:871)
	at org.glassfish.tyrus.core.TyrusWebSocket.onMessage(TyrusWebSocket.java:212)
	at org.glassfish.tyrus.core.frame.TextFrame.respond(TextFrame.java:139)
	at org.glassfish.tyrus.core.ProtocolHandler.process(ProtocolHandler.java:807)
	at org.glassfish.tyrus.client.TyrusClientEngine$TyrusReadHandler.handle(TyrusClientEngine.java:747)
	at org.glassfish.tyrus.container.grizzly.client.GrizzlyClientFilter$ProcessTask.execute(GrizzlyClientFilter.java:476)
	at org.glassfish.tyrus.container.grizzly.client.TaskProcessor.processTask(TaskProcessor.java:114)
	at org.glassfish.tyrus.container.grizzly.client.TaskProcessor.processTask(TaskProcessor.java:91)
	at org.glassfish.tyrus.container.grizzly.client.GrizzlyClientFilter.handleRead(GrizzlyClientFilter.java:272)
	at org.glassfish.grizzly.filterchain.ExecutorResolver$9.execute(ExecutorResolver.java:119)
	at org.glassfish.grizzly.filterchain.DefaultFilterChain.executeFilter(DefaultFilterChain.java:284)
	at org.glassfish.grizzly.filterchain.DefaultFilterChain.executeChainPart(DefaultFilterChain.java:201)
	at org.glassfish.grizzly.filterchain.DefaultFilterChain.execute(DefaultFilterChain.java:133)
	at org.glassfish.grizzly.filterchain.DefaultFilterChain.process(DefaultFilterChain.java:112)
	at org.glassfish.grizzly.ProcessorExecutor.execute(ProcessorExecutor.java:77)
	at org.glassfish.grizzly.nio.transport.TCPNIOTransport.fireIOEvent(TCPNIOTransport.java:561)
	at org.glassfish.grizzly.strategies.AbstractIOStrategy.fireIOEvent(AbstractIOStrategy.java:112)
	at org.glassfish.grizzly.strategies.WorkerThreadIOStrategy.run0(WorkerThreadIOStrategy.java:117)
	at org.glassfish.grizzly.strategies.WorkerThreadIOStrategy.access$100(WorkerThreadIOStrategy.java:56)
	at org.glassfish.grizzly.strategies.WorkerThreadIOStrategy$WorkerThreadRunnable.run(WorkerThreadIOStrategy.java:137)
	at org.glassfish.grizzly.threadpool.AbstractThreadPool$Worker.doWork(AbstractThreadPool.java:565)
	at org.glassfish.grizzly.threadpool.AbstractThreadPool$Worker.run(AbstractThreadPool.java:545)
	at java.lang.Thread.run(Thread.java:745)

Sep 23, 2015 6:39:11 PM io.sqp.client.impl.SqpConnectionImpl handleError
INFO: Handling Error: Execution failed: ERROR: syntax error at or near ")"
  Position: 72
io.sqp.client.exceptions.ErrorResponseException: Execution failed: ERROR: syntax error at or near ")"
  Position: 72
	at io.sqp.client.impl.MessageHandler.handleSqpMessage(MessageHandler.java:137)
	at io.sqp.client.impl.MessageHandler.receiveStrMessage(MessageHandler.java:94)
	at io.sqp.client.impl.MessageHandler$$Lambda$93/1280361408.onMessage(Unknown Source)
	at org.glassfish.tyrus.core.TyrusSession.notifyMessageHandlers(TyrusSession.java:576)
	at org.glassfish.tyrus.core.TyrusEndpointWrapper.onMessage(TyrusEndpointWrapper.java:871)
	at org.glassfish.tyrus.core.TyrusWebSocket.onMessage(TyrusWebSocket.java:212)
	at org.glassfish.tyrus.core.frame.TextFrame.respond(TextFrame.java:139)
	at org.glassfish.tyrus.core.ProtocolHandler.process(ProtocolHandler.java:807)
	at org.glassfish.tyrus.client.TyrusClientEngine$TyrusReadHandler.handle(TyrusClientEngine.java:747)
	at org.glassfish.tyrus.container.grizzly.client.GrizzlyClientFilter$ProcessTask.execute(GrizzlyClientFilter.java:476)
	at org.glassfish.tyrus.container.grizzly.client.TaskProcessor.processTask(TaskProcessor.java:114)
	at org.glassfish.tyrus.container.grizzly.client.TaskProcessor.processTask(TaskProcessor.java:91)
	at org.glassfish.tyrus.container.grizzly.client.GrizzlyClientFilter.handleRead(GrizzlyClientFilter.java:272)
	at org.glassfish.grizzly.filterchain.ExecutorResolver$9.execute(ExecutorResolver.java:119)
	at org.glassfish.grizzly.filterchain.DefaultFilterChain.executeFilter(DefaultFilterChain.java:284)
	at org.glassfish.grizzly.filterchain.DefaultFilterChain.executeChainPart(DefaultFilterChain.java:201)
	at org.glassfish.grizzly.filterchain.DefaultFilterChain.execute(DefaultFilterChain.java:133)
	at org.glassfish.grizzly.filterchain.DefaultFilterChain.process(DefaultFilterChain.java:112)
	at org.glassfish.grizzly.ProcessorExecutor.execute(ProcessorExecutor.java:77)
	at org.glassfish.grizzly.nio.transport.TCPNIOTransport.fireIOEvent(TCPNIOTransport.java:561)
	at org.glassfish.grizzly.strategies.AbstractIOStrategy.fireIOEvent(AbstractIOStrategy.java:112)
	at org.glassfish.grizzly.strategies.WorkerThreadIOStrategy.run0(WorkerThreadIOStrategy.java:117)
	at org.glassfish.grizzly.strategies.WorkerThreadIOStrategy.access$100(WorkerThreadIOStrategy.java:56)
	at org.glassfish.grizzly.strategies.WorkerThreadIOStrategy$WorkerThreadRunnable.run(WorkerThreadIOStrategy.java:137)
	at org.glassfish.grizzly.threadpool.AbstractThreadPool$Worker.doWork(AbstractThreadPool.java:565)
	at org.glassfish.grizzly.threadpool.AbstractThreadPool$Worker.run(AbstractThreadPool.java:545)
	at java.lang.Thread.run(Thread.java:745)

Sep 23, 2015 6:39:14 PM io.sqp.proxy.ClientSession handleError
INFO: Handling an ExecutionFailed error: Execution of the query failed: ERROR: syntax error at end of input
  Position: 112
Sep 23, 2015 6:39:14 PM io.sqp.proxy.ClientSession handleError
INFO: Handling an ExecutionFailed error: Execution of the query failed: ERROR: syntax error at or near ")"
  Position: 72
Sep 23, 2015 6:39:14 PM io.sqp.client.impl.SqpConnectionImpl handleError
INFO: Handling Error: Execution of the query failed: ERROR: syntax error at end of input
  Position: 112
io.sqp.client.exceptions.ErrorResponseException: Execution of the query failed: ERROR: syntax error at end of input
  Position: 112
	at io.sqp.client.impl.MessageHandler.handleSqpMessage(MessageHandler.java:137)
	at io.sqp.client.impl.MessageHandler.receiveStrMessage(MessageHandler.java:94)
	at io.sqp.client.impl.MessageHandler$$Lambda$93/1280361408.onMessage(Unknown Source)
	at org.glassfish.tyrus.core.TyrusSession.notifyMessageHandlers(TyrusSession.java:576)
	at org.glassfish.tyrus.core.TyrusEndpointWrapper.onMessage(TyrusEndpointWrapper.java:871)
	at org.glassfish.tyrus.core.TyrusWebSocket.onMessage(TyrusWebSocket.java:212)
	at org.glassfish.tyrus.core.frame.TextFrame.respond(TextFrame.java:139)
	at org.glassfish.tyrus.core.ProtocolHandler.process(ProtocolHandler.java:807)
	at org.glassfish.tyrus.client.TyrusClientEngine$TyrusReadHandler.handle(TyrusClientEngine.java:747)
	at org.glassfish.tyrus.container.grizzly.client.GrizzlyClientFilter$ProcessTask.execute(GrizzlyClientFilter.java:476)
	at org.glassfish.tyrus.container.grizzly.client.TaskProcessor.processTask(TaskProcessor.java:114)
	at org.glassfish.tyrus.container.grizzly.client.TaskProcessor.processTask(TaskProcessor.java:91)
	at org.glassfish.tyrus.container.grizzly.client.GrizzlyClientFilter.handleRead(GrizzlyClientFilter.java:272)
	at org.glassfish.grizzly.filterchain.ExecutorResolver$9.execute(ExecutorResolver.java:119)
	at org.glassfish.grizzly.filterchain.DefaultFilterChain.executeFilter(DefaultFilterChain.java:284)
	at org.glassfish.grizzly.filterchain.DefaultFilterChain.executeChainPart(DefaultFilterChain.java:201)
	at org.glassfish.grizzly.filterchain.DefaultFilterChain.execute(DefaultFilterChain.java:133)
	at org.glassfish.grizzly.filterchain.DefaultFilterChain.process(DefaultFilterChain.java:112)
	at org.glassfish.grizzly.ProcessorExecutor.execute(ProcessorExecutor.java:77)
	at org.glassfish.grizzly.nio.transport.TCPNIOTransport.fireIOEvent(TCPNIOTransport.java:561)
	at org.glassfish.grizzly.strategies.AbstractIOStrategy.fireIOEvent(AbstractIOStrategy.java:112)
	at org.glassfish.grizzly.strategies.WorkerThreadIOStrategy.run0(WorkerThreadIOStrategy.java:117)
	at org.glassfish.grizzly.strategies.WorkerThreadIOStrategy.access$100(WorkerThreadIOStrategy.java:56)
	at org.glassfish.grizzly.strategies.WorkerThreadIOStrategy$WorkerThreadRunnable.run(WorkerThreadIOStrategy.java:137)
	at org.glassfish.grizzly.threadpool.AbstractThreadPool$Worker.doWork(AbstractThreadPool.java:565)
	at org.glassfish.grizzly.threadpool.AbstractThreadPool$Worker.run(AbstractThreadPool.java:545)
	at java.lang.Thread.run(Thread.java:745)

Sep 23, 2015 6:39:14 PM io.sqp.client.impl.SqpConnectionImpl handleError
INFO: Handling Error: Execution of the query failed: ERROR: syntax error at or near ")"
  Position: 72
io.sqp.client.exceptions.ErrorResponseException: Execution of the query failed: ERROR: syntax error at or near ")"
  Position: 72
	at io.sqp.client.impl.MessageHandler.handleSqpMessage(MessageHandler.java:137)
	at io.sqp.client.impl.MessageHandler.receiveStrMessage(MessageHandler.java:94)
	at io.sqp.client.impl.MessageHandler$$Lambda$93/1280361408.onMessage(Unknown Source)
	at org.glassfish.tyrus.core.TyrusSession.notifyMessageHandlers(TyrusSession.java:576)
	at org.glassfish.tyrus.core.TyrusEndpointWrapper.onMessage(TyrusEndpointWrapper.java:871)
	at org.glassfish.tyrus.core.TyrusWebSocket.onMessage(TyrusWebSocket.java:212)
	at org.glassfish.tyrus.core.frame.TextFrame.respond(TextFrame.java:139)
	at org.glassfish.tyrus.core.ProtocolHandler.process(ProtocolHandler.java:807)
	at org.glassfish.tyrus.client.TyrusClientEngine$TyrusReadHandler.handle(TyrusClientEngine.java:747)
	at org.glassfish.tyrus.container.grizzly.client.GrizzlyClientFilter$ProcessTask.execute(GrizzlyClientFilter.java:476)
	at org.glassfish.tyrus.container.grizzly.client.TaskProcessor.processTask(TaskProcessor.java:114)
	at org.glassfish.tyrus.container.grizzly.client.TaskProcessor.processTask(TaskProcessor.java:91)
	at org.glassfish.tyrus.container.grizzly.client.GrizzlyClientFilter.handleRead(GrizzlyClientFilter.java:272)
	at org.glassfish.grizzly.filterchain.ExecutorResolver$9.execute(ExecutorResolver.java:119)
	at org.glassfish.grizzly.filterchain.DefaultFilterChain.executeFilter(DefaultFilterChain.java:284)
	at org.glassfish.grizzly.filterchain.DefaultFilterChain.executeChainPart(DefaultFilterChain.java:201)
	at org.glassfish.grizzly.filterchain.DefaultFilterChain.execute(DefaultFilterChain.java:133)
	at org.glassfish.grizzly.filterchain.DefaultFilterChain.process(DefaultFilterChain.java:112)
	at org.glassfish.grizzly.ProcessorExecutor.execute(ProcessorExecutor.java:77)
	at org.glassfish.grizzly.nio.transport.TCPNIOTransport.fireIOEvent(TCPNIOTransport.java:561)
	at org.glassfish.grizzly.strategies.AbstractIOStrategy.fireIOEvent(AbstractIOStrategy.java:112)
	at org.glassfish.grizzly.strategies.WorkerThreadIOStrategy.run0(WorkerThreadIOStrategy.java:117)
	at org.glassfish.grizzly.strategies.WorkerThreadIOStrategy.access$100(WorkerThreadIOStrategy.java:56)
	at org.glassfish.grizzly.strategies.WorkerThreadIOStrategy$WorkerThreadRunnable.run(WorkerThreadIOStrategy.java:137)
	at org.glassfish.grizzly.threadpool.AbstractThreadPool$Worker.doWork(AbstractThreadPool.java:565)
	at org.glassfish.grizzly.threadpool.AbstractThreadPool$Worker.run(AbstractThreadPool.java:545)
	at java.lang.Thread.run(Thread.java:745)

Sep 23, 2015 6:39:42 PM io.sqp.proxy.ClientSession handleError
INFO: Handling an ExecutionFailed error: Execution failed: 
Transbase JDBC/JDBCX Driver
Sgp Version 4.1
Build 20150922(500)
Transbase Server Error <9071>:
Transbase(64Bit) Kernel <proxytest@ub-stefan>  error report:
  Version  : V7.1.2.12.7 2014/11/28
compile error:  ')' expected: 
ES              ('test1', 0, 50, 0.1, '2015-01-01'
                                                 ^
Sep 23, 2015 6:39:42 PM io.sqp.client.impl.SqpConnectionImpl handleError
INFO: Handling Error: Execution failed: 
Transbase JDBC/JDBCX Driver
Sgp Version 4.1
Build 20150922(500)
Transbase Server Error <9071>:
Transbase(64Bit) Kernel <proxytest@ub-stefan>  error report:
  Version  : V7.1.2.12.7 2014/11/28
compile error:  ')' expected: 
ES              ('test1', 0, 50, 0.1, '2015-01-01'
                                                 ^
io.sqp.client.exceptions.ErrorResponseException: Execution failed: 
Transbase JDBC/JDBCX Driver
Sgp Version 4.1
Build 20150922(500)
Transbase Server Error <9071>:
Transbase(64Bit) Kernel <proxytest@ub-stefan>  error report:
  Version  : V7.1.2.12.7 2014/11/28
compile error:  ')' expected: 
ES              ('test1', 0, 50, 0.1, '2015-01-01'
                                                 ^
	at io.sqp.client.impl.MessageHandler.handleSqpMessage(MessageHandler.java:137)
	at io.sqp.client.impl.MessageHandler.receiveStrMessage(MessageHandler.java:94)
	at io.sqp.client.impl.MessageHandler$$Lambda$93/1280361408.onMessage(Unknown Source)
	at org.glassfish.tyrus.core.TyrusSession.notifyMessageHandlers(TyrusSession.java:576)
	at org.glassfish.tyrus.core.TyrusEndpointWrapper.onMessage(TyrusEndpointWrapper.java:871)
	at org.glassfish.tyrus.core.TyrusWebSocket.onMessage(TyrusWebSocket.java:212)
	at org.glassfish.tyrus.core.frame.TextFrame.respond(TextFrame.java:139)
	at org.glassfish.tyrus.core.ProtocolHandler.process(ProtocolHandler.java:807)
	at org.glassfish.tyrus.client.TyrusClientEngine$TyrusReadHandler.handle(TyrusClientEngine.java:747)
	at org.glassfish.tyrus.container.grizzly.client.GrizzlyClientFilter$ProcessTask.execute(GrizzlyClientFilter.java:476)
	at org.glassfish.tyrus.container.grizzly.client.TaskProcessor.processTask(TaskProcessor.java:114)
	at org.glassfish.tyrus.container.grizzly.client.TaskProcessor.processTask(TaskProcessor.java:91)
	at org.glassfish.tyrus.container.grizzly.client.GrizzlyClientFilter.handleRead(GrizzlyClientFilter.java:272)
	at org.glassfish.grizzly.filterchain.ExecutorResolver$9.execute(ExecutorResolver.java:119)
	at org.glassfish.grizzly.filterchain.DefaultFilterChain.executeFilter(DefaultFilterChain.java:284)
	at org.glassfish.grizzly.filterchain.DefaultFilterChain.executeChainPart(DefaultFilterChain.java:201)
	at org.glassfish.grizzly.filterchain.DefaultFilterChain.execute(DefaultFilterChain.java:133)
	at org.glassfish.grizzly.filterchain.DefaultFilterChain.process(DefaultFilterChain.java:112)
	at org.glassfish.grizzly.ProcessorExecutor.execute(ProcessorExecutor.java:77)
	at org.glassfish.grizzly.nio.transport.TCPNIOTransport.fireIOEvent(TCPNIOTransport.java:561)
	at org.glassfish.grizzly.strategies.AbstractIOStrategy.fireIOEvent(AbstractIOStrategy.java:112)
	at org.glassfish.grizzly.strategies.WorkerThreadIOStrategy.run0(WorkerThreadIOStrategy.java:117)
	at org.glassfish.grizzly.strategies.WorkerThreadIOStrategy.access$100(WorkerThreadIOStrategy.java:56)
	at org.glassfish.grizzly.strategies.WorkerThreadIOStrategy$WorkerThreadRunnable.run(WorkerThreadIOStrategy.java:137)
	at org.glassfish.grizzly.threadpool.AbstractThreadPool$Worker.doWork(AbstractThreadPool.java:565)
	at org.glassfish.grizzly.threadpool.AbstractThreadPool$Worker.run(AbstractThreadPool.java:545)
	at java.lang.Thread.run(Thread.java:745)

Sep 23, 2015 6:39:42 PM io.sqp.proxy.ClientSession handleError
INFO: Handling an ExecutionFailed error: Execution failed: 
Transbase JDBC/JDBCX Driver
Sgp Version 4.1
Build 20150922(500)
Transbase Server Error <9012>:
Transbase(64Bit) Kernel <proxytest@ub-stefan>  error report:
  Version  : V7.1.2.12.7 2014/11/28
compile error:  fieldname occurs twice in fieldname list: 
weather (city, temp_lo, temp_hi, prob, date, fooo) VALUES ()
                                                 ^
Sep 23, 2015 6:39:42 PM io.sqp.client.impl.SqpConnectionImpl handleError
INFO: Handling Error: Execution failed: 
Transbase JDBC/JDBCX Driver
Sgp Version 4.1
Build 20150922(500)
Transbase Server Error <9012>:
Transbase(64Bit) Kernel <proxytest@ub-stefan>  error report:
  Version  : V7.1.2.12.7 2014/11/28
compile error:  fieldname occurs twice in fieldname list: 
weather (city, temp_lo, temp_hi, prob, date, fooo) VALUES ()
                                                 ^
io.sqp.client.exceptions.ErrorResponseException: Execution failed: 
Transbase JDBC/JDBCX Driver
Sgp Version 4.1
Build 20150922(500)
Transbase Server Error <9012>:
Transbase(64Bit) Kernel <proxytest@ub-stefan>  error report:
  Version  : V7.1.2.12.7 2014/11/28
compile error:  fieldname occurs twice in fieldname list: 
weather (city, temp_lo, temp_hi, prob, date, fooo) VALUES ()
                                                 ^
	at io.sqp.client.impl.MessageHandler.handleSqpMessage(MessageHandler.java:137)
	at io.sqp.client.impl.MessageHandler.receiveStrMessage(MessageHandler.java:94)
	at io.sqp.client.impl.MessageHandler$$Lambda$93/1280361408.onMessage(Unknown Source)
	at org.glassfish.tyrus.core.TyrusSession.notifyMessageHandlers(TyrusSession.java:576)
	at org.glassfish.tyrus.core.TyrusEndpointWrapper.onMessage(TyrusEndpointWrapper.java:871)
	at org.glassfish.tyrus.core.TyrusWebSocket.onMessage(TyrusWebSocket.java:212)
	at org.glassfish.tyrus.core.frame.TextFrame.respond(TextFrame.java:139)
	at org.glassfish.tyrus.core.ProtocolHandler.process(ProtocolHandler.java:807)
	at org.glassfish.tyrus.client.TyrusClientEngine$TyrusReadHandler.handle(TyrusClientEngine.java:747)
	at org.glassfish.tyrus.container.grizzly.client.GrizzlyClientFilter$ProcessTask.execute(GrizzlyClientFilter.java:476)
	at org.glassfish.tyrus.container.grizzly.client.TaskProcessor.processTask(TaskProcessor.java:114)
	at org.glassfish.tyrus.container.grizzly.client.TaskProcessor.processTask(TaskProcessor.java:91)
	at org.glassfish.tyrus.container.grizzly.client.GrizzlyClientFilter.handleRead(GrizzlyClientFilter.java:272)
	at org.glassfish.grizzly.filterchain.ExecutorResolver$9.execute(ExecutorResolver.java:119)
	at org.glassfish.grizzly.filterchain.DefaultFilterChain.executeFilter(DefaultFilterChain.java:284)
	at org.glassfish.grizzly.filterchain.DefaultFilterChain.executeChainPart(DefaultFilterChain.java:201)
	at org.glassfish.grizzly.filterchain.DefaultFilterChain.execute(DefaultFilterChain.java:133)
	at org.glassfish.grizzly.filterchain.DefaultFilterChain.process(DefaultFilterChain.java:112)
	at org.glassfish.grizzly.ProcessorExecutor.execute(ProcessorExecutor.java:77)
	at org.glassfish.grizzly.nio.transport.TCPNIOTransport.fireIOEvent(TCPNIOTransport.java:561)
	at org.glassfish.grizzly.strategies.AbstractIOStrategy.fireIOEvent(AbstractIOStrategy.java:112)
	at org.glassfish.grizzly.strategies.WorkerThreadIOStrategy.run0(WorkerThreadIOStrategy.java:117)
	at org.glassfish.grizzly.strategies.WorkerThreadIOStrategy.access$100(WorkerThreadIOStrategy.java:56)
	at org.glassfish.grizzly.strategies.WorkerThreadIOStrategy$WorkerThreadRunnable.run(WorkerThreadIOStrategy.java:137)
	at org.glassfish.grizzly.threadpool.AbstractThreadPool$Worker.doWork(AbstractThreadPool.java:565)
	at org.glassfish.grizzly.threadpool.AbstractThreadPool$Worker.run(AbstractThreadPool.java:545)
	at java.lang.Thread.run(Thread.java:745)

]]></system-err>
</testsuite>
